This is pdfTeX, Version 3.14159265-2.6-1.40.21 (MiKTeX 2.9.7300 64-bit) (preloaded format=pdflatex 2020.2.18)  25 APR 2020 18:49
entering extended mode
**./ProjectProposal.tex
(ProjectProposal.tex
LaTeX2e <2020-02-02> patch level 2
L3 programming layer <2020-02-14> (IEEEtran.cls
Document Class: IEEEtran 2014/09/17 V1.8a by Michael Shell
-- See the "IEEEtran_HOWTO" manual for usage information.
-- http://www.michaelshell.org/tex/ieeetran/
\@IEEEtrantmpdimenA=\dimen134
\@IEEEtrantmpdimenB=\dimen135
\@IEEEtrantmpdimenC=\dimen136
\@IEEEtrantmpcountA=\count167
\@IEEEtrantmpcountB=\count168
\@IEEEtrantmpcountC=\count169
\@IEEEtrantmptoksA=\toks14
-- Using IEEE Computer Society mode.
LaTeX Font Info:    Trying to load font information for OT1+ptm on input line 4
58.

("C:\Users\Jennifer\AppData\Local\Programs\MiKTeX 2.9\tex/latex/psnfss\ot1ptm.f
d"
File: ot1ptm.fd 2001/06/04 font definitions for OT1/ptm.
)
** ATTENTION: Single column mode is not typically used with IEEE publications.
-- Using 8.5in x 11in (letter) paper.
-- Using PDF output.
\@IEEEnormalsizeunitybaselineskip=\dimen137
-- This is a 10 point document.
\CLASSINFOnormalsizebaselineskip=\dimen138
\CLASSINFOnormalsizeunitybaselineskip=\dimen139
\IEEEnormaljot=\dimen140
LaTeX Font Info:    Font shape `OT1/ptm/bx/n' in size <5.01874> not available
(Font)              Font shape `OT1/ptm/b/n' tried instead on input line 1039.
LaTeX Font Info:    Font shape `OT1/ptm/bx/it' in size <5.01874> not available
(Font)              Font shape `OT1/ptm/b/it' tried instead on input line 1039.

LaTeX Font Info:    Font shape `OT1/ptm/bx/n' in size <7.02625> not available
(Font)              Font shape `OT1/ptm/b/n' tried instead on input line 1039.
LaTeX Font Info:    Font shape `OT1/ptm/bx/it' in size <7.02625> not available
(Font)              Font shape `OT1/ptm/b/it' tried instead on input line 1039.

LaTeX Font Info:    Font shape `OT1/ptm/bx/n' in size <8.03> not available
(Font)              Font shape `OT1/ptm/b/n' tried instead on input line 1039.
LaTeX Font Info:    Font shape `OT1/ptm/bx/it' in size <8.03> not available
(Font)              Font shape `OT1/ptm/b/it' tried instead on input line 1039.

LaTeX Font Info:    Font shape `OT1/ptm/bx/n' in size <9.03374> not available
(Font)              Font shape `OT1/ptm/b/n' tried instead on input line 1039.
LaTeX Font Info:    Font shape `OT1/ptm/bx/it' in size <9.03374> not available
(Font)              Font shape `OT1/ptm/b/it' tried instead on input line 1039.

LaTeX Font Info:    Font shape `OT1/ptm/bx/n' in size <10.03749> not available
(Font)              Font shape `OT1/ptm/b/n' tried instead on input line 1039.
LaTeX Font Info:    Font shape `OT1/ptm/bx/it' in size <10.03749> not available

(Font)              Font shape `OT1/ptm/b/it' tried instead on input line 1039.

LaTeX Font Info:    Font shape `OT1/ptm/bx/n' in size <11.04124> not available
(Font)              Font shape `OT1/ptm/b/n' tried instead on input line 1039.
LaTeX Font Info:    Font shape `OT1/ptm/bx/it' in size <11.04124> not available

(Font)              Font shape `OT1/ptm/b/it' tried instead on input line 1039.

LaTeX Font Info:    Font shape `OT1/ptm/bx/n' in size <12.045> not available
(Font)              Font shape `OT1/ptm/b/n' tried instead on input line 1039.
LaTeX Font Info:    Font shape `OT1/ptm/bx/it' in size <12.045> not available
(Font)              Font shape `OT1/ptm/b/it' tried instead on input line 1039.

LaTeX Font Info:    Font shape `OT1/ptm/bx/n' in size <17.06374> not available
(Font)              Font shape `OT1/ptm/b/n' tried instead on input line 1039.
LaTeX Font Info:    Font shape `OT1/ptm/bx/it' in size <17.06374> not available

(Font)              Font shape `OT1/ptm/b/it' tried instead on input line 1039.

LaTeX Font Info:    Font shape `OT1/ptm/bx/n' in size <20.075> not available
(Font)              Font shape `OT1/ptm/b/n' tried instead on input line 1039.
LaTeX Font Info:    Font shape `OT1/ptm/bx/it' in size <20.075> not available
(Font)              Font shape `OT1/ptm/b/it' tried instead on input line 1039.

LaTeX Font Info:    Font shape `OT1/ptm/bx/n' in size <24.09> not available
(Font)              Font shape `OT1/ptm/b/n' tried instead on input line 1039.
LaTeX Font Info:    Font shape `OT1/ptm/bx/it' in size <24.09> not available
(Font)              Font shape `OT1/ptm/b/it' tried instead on input line 1039.

\IEEEquantizedlength=\dimen141
\IEEEquantizedlengthdiff=\dimen142
\IEEEquantizedtextheightdiff=\dimen143
\IEEEilabelindentA=\dimen144
\IEEEilabelindentB=\dimen145
\IEEEilabelindent=\dimen146
\IEEEelabelindent=\dimen147
\IEEEdlabelindent=\dimen148
\IEEElabelindent=\dimen149
\IEEEiednormlabelsep=\dimen150
\IEEEiedmathlabelsep=\dimen151
\IEEEiedtopsep=\skip47
\c@section=\count170
\c@subsection=\count171
\c@subsubsection=\count172
\c@paragraph=\count173
\c@IEEEsubequation=\count174
\abovecaptionskip=\skip48
\belowcaptionskip=\skip49
\c@figure=\count175
\c@table=\count176
\@IEEEeqnnumcols=\count177
\@IEEEeqncolcnt=\count178
\@IEEEsubeqnnumrollback=\count179
\@IEEEquantizeheightA=\dimen152
\@IEEEquantizeheightB=\dimen153
\@IEEEquantizeheightC=\dimen154
\@IEEEquantizeprevdepth=\dimen155
\@IEEEquantizemultiple=\count180
\@IEEEquantizeboxA=\box45
\@IEEEtmpitemindent=\dimen156
\c@IEEEbiography=\count181
\@IEEEtranrubishbin=\box46
)
("C:\Users\Jennifer\AppData\Local\Programs\MiKTeX 2.9\tex/latex/hyperref\hyperr
ef.sty"
Package: hyperref 2020/01/14 v7.00d Hypertext links for LaTeX

("C:\Users\Jennifer\AppData\Local\Programs\MiKTeX 2.9\tex/generic/ltxcmds\ltxcm
ds.sty"
Package: ltxcmds 2019/12/15 v1.24 LaTeX kernel commands for general use (HO)
)
("C:\Users\Jennifer\AppData\Local\Programs\MiKTeX 2.9\tex/generic/iftex\iftex.s
ty"
Package: iftex 2019/11/07 v1.0c TeX engine tests
)
("C:\Users\Jennifer\AppData\Local\Programs\MiKTeX 2.9\tex/latex/pdftexcmds\pdft
excmds.sty"
Package: pdftexcmds 2019/11/24 v0.31 Utility functions of pdfTeX for LuaTeX (HO
)

("C:\Users\Jennifer\AppData\Local\Programs\MiKTeX 2.9\tex/generic/infwarerr\inf
warerr.sty"
Package: infwarerr 2019/12/03 v1.5 Providing info/warning/error messages (HO)
)
Package pdftexcmds Info: \pdf@primitive is available.
Package pdftexcmds Info: \pdf@ifprimitive is available.
Package pdftexcmds Info: \pdfdraftmode found.
)
("C:\Users\Jennifer\AppData\Local\Programs\MiKTeX 2.9\tex/latex/graphics\keyval
.sty"
Package: keyval 2014/10/28 v1.15 key=value parser (DPC)
\KV@toks@=\toks15
)
("C:\Users\Jennifer\AppData\Local\Programs\MiKTeX 2.9\tex/generic/kvsetkeys\kvs
etkeys.sty"
Package: kvsetkeys 2019/12/15 v1.18 Key value parser (HO)
)
("C:\Users\Jennifer\AppData\Local\Programs\MiKTeX 2.9\tex/generic/kvdefinekeys\
kvdefinekeys.sty"
Package: kvdefinekeys 2019-12-19 v1.6 Define keys (HO)
)
("C:\Users\Jennifer\AppData\Local\Programs\MiKTeX 2.9\tex/generic/pdfescape\pdf
escape.sty"
Package: pdfescape 2019/12/09 v1.15 Implements pdfTeX's escape features (HO)
)
("C:\Users\Jennifer\AppData\Local\Programs\MiKTeX 2.9\tex/latex/hycolor\hycolor
.sty"
Package: hycolor 2020-01-27 v1.10 Color options for hyperref/bookmark (HO)
)
("C:\Users\Jennifer\AppData\Local\Programs\MiKTeX 2.9\tex/latex/letltxmacro\let
ltxmacro.sty"
Package: letltxmacro 2019/12/03 v1.6 Let assignment for LaTeX macros (HO)
)
("C:\Users\Jennifer\AppData\Local\Programs\MiKTeX 2.9\tex/latex/auxhook\auxhook
.sty"
Package: auxhook 2019-12-17 v1.6 Hooks for auxiliary files (HO)
)
("C:\Users\Jennifer\AppData\Local\Programs\MiKTeX 2.9\tex/latex/kvoptions\kvopt
ions.sty"
Package: kvoptions 2019/11/29 v3.13 Key value format for package options (HO)
)
\@linkdim=\dimen157
\Hy@linkcounter=\count182
\Hy@pagecounter=\count183

("C:\Users\Jennifer\AppData\Local\Programs\MiKTeX 2.9\tex/latex/hyperref\pd1enc
.def"
File: pd1enc.def 2020/01/14 v7.00d Hyperref: PDFDocEncoding definition (HO)
Now handling font encoding PD1 ...
... no UTF-8 mapping file for font encoding PD1
)
("C:\Users\Jennifer\AppData\Local\Programs\MiKTeX 2.9\tex/generic/intcalc\intca
lc.sty"
Package: intcalc 2019/12/15 v1.3 Expandable calculations with integers (HO)
)
("C:\Users\Jennifer\AppData\Local\Programs\MiKTeX 2.9\tex/generic/etexcmds\etex
cmds.sty"
Package: etexcmds 2019/12/15 v1.7 Avoid name clashes with e-TeX commands (HO)
)
\Hy@SavedSpaceFactor=\count184
Package hyperref Info: Hyper figures OFF on input line 4547.
Package hyperref Info: Link nesting OFF on input line 4552.
Package hyperref Info: Hyper index ON on input line 4555.
Package hyperref Info: Plain pages OFF on input line 4562.
Package hyperref Info: Backreferencing OFF on input line 4567.
Package hyperref Info: Implicit mode ON; LaTeX internals redefined.
Package hyperref Info: Bookmarks ON on input line 4800.
\c@Hy@tempcnt=\count185

("C:\Users\Jennifer\AppData\Local\Programs\MiKTeX 2.9\tex/latex/url\url.sty"
\Urlmuskip=\muskip16
Package: url 2013/09/16  ver 3.4  Verb mode for urls, etc.
)
LaTeX Info: Redefining \url on input line 5159.
\XeTeXLinkMargin=\dimen158

("C:\Users\Jennifer\AppData\Local\Programs\MiKTeX 2.9\tex/generic/bitset\bitset
.sty"
Package: bitset 2019/12/09 v1.3 Handle bit-vector datatype (HO)

("C:\Users\Jennifer\AppData\Local\Programs\MiKTeX 2.9\tex/generic/bigintcalc\bi
gintcalc.sty"
Package: bigintcalc 2019/12/15 v1.5 Expandable calculations on big integers (HO
)
))
\Fld@menulength=\count186
\Field@Width=\dimen159
\Fld@charsize=\dimen160
Package hyperref Info: Hyper figures OFF on input line 6430.
Package hyperref Info: Link nesting OFF on input line 6435.
Package hyperref Info: Hyper index ON on input line 6438.
Package hyperref Info: backreferencing OFF on input line 6445.
Package hyperref Info: Link coloring OFF on input line 6450.
Package hyperref Info: Link coloring with OCG OFF on input line 6455.
Package hyperref Info: PDF/A mode OFF on input line 6460.
LaTeX Info: Redefining \ref on input line 6500.
LaTeX Info: Redefining \pageref on input line 6504.

("C:\Users\Jennifer\AppData\Local\Programs\MiKTeX 2.9\tex/generic/atbegshi\atbe
gshi.sty"
Package: atbegshi 2019/12/05 v1.19 At begin shipout hook (HO)
)
\Hy@abspage=\count187
\c@Item=\count188
\c@Hfootnote=\count189
)
Package hyperref Info: Driver (autodetected): hpdftex.

("C:\Users\Jennifer\AppData\Local\Programs\MiKTeX 2.9\tex/latex/hyperref\hpdfte
x.def"
File: hpdftex.def 2020/01/14 v7.00d Hyperref driver for pdfTeX

("C:\Users\Jennifer\AppData\Local\Programs\MiKTeX 2.9\tex/latex/atveryend\atver
yend.sty"
Package: atveryend 2019-12-11 v1.11 Hooks at the very end of document (HO)
Package atveryend Info: \enddocument detected (standard20110627).
)
\Fld@listcount=\count190
\c@bookmark@seq@number=\count191

("C:\Users\Jennifer\AppData\Local\Programs\MiKTeX 2.9\tex/latex/rerunfilecheck\
rerunfilecheck.sty"
Package: rerunfilecheck 2019/12/05 v1.9 Rerun checks for auxiliary files (HO)

("C:\Users\Jennifer\AppData\Local\Programs\MiKTeX 2.9\tex/generic/uniquecounter
\uniquecounter.sty"
Package: uniquecounter 2019/12/15 v1.4 Provide unlimited unique counter (HO)
)
Package uniquecounter Info: New unique counter `rerunfilecheck' on input line 2
86.
)
\Hy@SectionHShift=\skip50
)
("C:\Users\Jennifer\AppData\Local\Programs\MiKTeX 2.9\tex/latex/enumitem\enumit
em.sty"
Package: enumitem 2019/06/20 v3.9 Customized lists
\labelindent=\skip51
\enit@outerparindent=\dimen161
\enit@toks=\toks16
\enit@inbox=\box47
\enit@count@id=\count192
\enitdp@description=\count193
)
("C:\Users\Jennifer\AppData\Local\Programs\MiKTeX 2.9\tex/latex/cite\cite.sty"
LaTeX Info: Redefining \cite on input line 302.
LaTeX Info: Redefining \nocite on input line 332.
Package: cite 2015/02/27  v 5.5
)
("C:\Users\Jennifer\AppData\Local\Programs\MiKTeX 2.9\tex/latex/graphics\graphi
cx.sty"
Package: graphicx 2019/11/30 v1.2a Enhanced LaTeX Graphics (DPC,SPQR)

("C:\Users\Jennifer\AppData\Local\Programs\MiKTeX 2.9\tex/latex/graphics\graphi
cs.sty"
Package: graphics 2019/11/30 v1.4a Standard LaTeX Graphics (DPC,SPQR)

("C:\Users\Jennifer\AppData\Local\Programs\MiKTeX 2.9\tex/latex/graphics\trig.s
ty"
Package: trig 2016/01/03 v1.10 sin cos tan (DPC)
)
("C:\Users\Jennifer\AppData\Local\Programs\MiKTeX 2.9\tex/latex/graphics-cfg\gr
aphics.cfg"
File: graphics.cfg 2016/06/04 v1.11 sample graphics configuration
)
Package graphics Info: Driver file: pdftex.def on input line 105.

("C:\Users\Jennifer\AppData\Local\Programs\MiKTeX 2.9\tex/latex/graphics-def\pd
ftex.def"
File: pdftex.def 2018/01/08 v1.0l Graphics/color driver for pdftex
))
\Gin@req@height=\dimen162
\Gin@req@width=\dimen163
)
("C:\Users\Jennifer\AppData\Local\Programs\MiKTeX 2.9\tex/latex/l3backend\l3bac
kend-pdfmode.def"
File: l3backend-pdfmode.def 2020-02-03 L3 backend support: PDF mode
\l__kernel_color_stack_int=\count194
\l__pdf_internal_box=\box48
) (ProjectProposal.aux)
\openout1 = `ProjectProposal.aux'.

LaTeX Font Info:    Checking defaults for OML/cmm/m/it on input line 142.
LaTeX Font Info:    ... okay on input line 142.
LaTeX Font Info:    Checking defaults for OMS/cmsy/m/n on input line 142.
LaTeX Font Info:    ... okay on input line 142.
LaTeX Font Info:    Checking defaults for OT1/cmr/m/n on input line 142.
LaTeX Font Info:    ... okay on input line 142.
LaTeX Font Info:    Checking defaults for T1/cmr/m/n on input line 142.
LaTeX Font Info:    ... okay on input line 142.
LaTeX Font Info:    Checking defaults for TS1/cmr/m/n on input line 142.
LaTeX Font Info:    ... okay on input line 142.
LaTeX Font Info:    Checking defaults for OMX/cmex/m/n on input line 142.
LaTeX Font Info:    ... okay on input line 142.
LaTeX Font Info:    Checking defaults for U/cmr/m/n on input line 142.
LaTeX Font Info:    ... okay on input line 142.
LaTeX Font Info:    Checking defaults for PD1/pdf/m/n on input line 142.
LaTeX Font Info:    ... okay on input line 142.

-- Lines per column: 58 (exact).
\AtBeginShipoutBox=\box49
Package hyperref Info: Link coloring OFF on input line 142.

("C:\Users\Jennifer\AppData\Local\Programs\MiKTeX 2.9\tex/latex/hyperref\namere
f.sty"
Package: nameref 2019/09/16 v2.46 Cross-referencing by name of section

("C:\Users\Jennifer\AppData\Local\Programs\MiKTeX 2.9\tex/latex/refcount\refcou
nt.sty"
Package: refcount 2019/12/15 v3.6 Data extraction from label references (HO)
)
("C:\Users\Jennifer\AppData\Local\Programs\MiKTeX 2.9\tex/generic/gettitlestrin
g\gettitlestring.sty"
Package: gettitlestring 2019/12/15 v1.6 Cleanup title references (HO)
)
\c@section@level=\count195
)
LaTeX Info: Redefining \ref on input line 142.
LaTeX Info: Redefining \pageref on input line 142.
LaTeX Info: Redefining \nameref on input line 142.
 (ProjectProposal.out) (ProjectProposal.out)
\@outlinefile=\write3
\openout3 = `ProjectProposal.out'.


("C:\Users\Jennifer\AppData\Local\Programs\MiKTeX 2.9\tex/context/base/mkii\sup
p-pdf.mkii"
[Loading MPS to PDF converter (version 2006.09.02).]
\scratchcounter=\count196
\scratchdimen=\dimen164
\scratchbox=\box50
\nofMPsegments=\count197
\nofMParguments=\count198
\everyMPshowfont=\toks17
\MPscratchCnt=\count199
\MPscratchDim=\dimen165
\MPnumerator=\count266
\makeMPintoPDFobject=\count267
\everyMPtoPDFconversion=\toks18
)
("C:\Users\Jennifer\AppData\Local\Programs\MiKTeX 2.9\tex/latex/epstopdf-pkg\ep
stopdf-base.sty"
Package: epstopdf-base 2020-01-24 v2.11 Base part for package epstopdf
Package epstopdf-base Info: Redefining graphics rule for `.eps' on input line 4
85.
)
LaTeX Font Info:    Trying to load font information for OT1+phv on input line 1
63.

("C:\Users\Jennifer\AppData\Local\Programs\MiKTeX 2.9\tex/latex/psnfss\ot1phv.f
d"
File: ot1phv.fd 2001/06/04 scalable font definitions for OT1/phv.
)
Underfull \hbox (badness 10000) in paragraph at lines 174--176

 []

LaTeX Font Info:    Calculating math sizes for size <10.03749> on input line 19
1.
LaTeX Font Info:    External font `cmex10' loaded for size
(Font)              <10.03749> on input line 191.
LaTeX Font Info:    External font `cmex10' loaded for size
(Font)              <7.0262> on input line 191.
LaTeX Font Info:    External font `cmex10' loaded for size
(Font)              <5.01874> on input line 191.
[1{C:/Users/Jennifer/AppData/Local/MiKTeX/2.9/pdftex/config/pdftex.map}]
LaTeX Font Info:    Calculating math sizes for size <8.03> on input line 243.
LaTeX Font Info:    External font `cmex10' loaded for size
(Font)              <8.03> on input line 243.
LaTeX Font Info:    External font `cmex10' loaded for size
(Font)              <5.62097> on input line 243.
LaTeX Font Info:    External font `cmex10' loaded for size
(Font)              <4.015> on input line 243.

Underfull \hbox (badness 10000) in paragraph at lines 285--286

 []

[2]
Underfull \hbox (badness 10000) in paragraph at lines 301--303

 []


Underfull \hbox (badness 10000) in paragraph at lines 316--317

 []


Underfull \hbox (badness 10000) in paragraph at lines 330--331

 []


Underfull \hbox (badness 10000) in paragraph at lines 344--345

 []


Underfull \hbox (badness 10000) in paragraph at lines 359--360

 []


Underfull \hbox (badness 10000) in paragraph at lines 373--374

 []

[3]
Underfull \hbox (badness 10000) in paragraph at lines 387--388

 []


Underfull \hbox (badness 10000) in paragraph at lines 401--402

 []

<Start.png, id=97, 969.6225pt x 296.10625pt>
File: Start.png Graphic file (type png)
<use Start.png>
Package pdftex.def Info: Start.png  used on input line 421.
(pdftex.def)             Requested size: 387.84213pt x 118.44038pt.
<HighScores.png, id=98, 556.0775pt x 129.48375pt>
File: HighScores.png Graphic file (type png)
<use HighScores.png>
Package pdftex.def Info: HighScores.png  used on input line 425.
(pdftex.def)             Requested size: 278.03807pt x 64.7417pt.
<Information.png, id=99, 579.16376pt x 130.4875pt>
File: Information.png Graphic file (type png)
<use Information.png>
Package pdftex.def Info: Information.png  used on input line 429.
(pdftex.def)             Requested size: 289.58116pt x 65.24358pt.
[4 <./Start.png> <./HighScores.png> <./Information.png>]
<Music.png, id=111, 572.1375pt x 130.4875pt>
File: Music.png Graphic file (type png)
<use Music.png>
Package pdftex.def Info: Music.png  used on input line 438.
(pdftex.def)             Requested size: 286.06804pt x 65.24358pt.
<SFX.png, id=112, 569.12625pt x 129.48375pt>
File: SFX.png Graphic file (type png)
<use SFX.png>
Package pdftex.def Info: SFX.png  used on input line 442.
(pdftex.def)             Requested size: 284.56242pt x 64.7417pt.
<Octocat_Icon.png, id=113, 602.25pt x 129.48375pt>
File: Octocat_Icon.png Graphic file (type png)
<use Octocat_Icon.png>
Package pdftex.def Info: Octocat_Icon.png  used on input line 446.
(pdftex.def)             Requested size: 301.12425pt x 64.7417pt.
<Store.png, id=114, 561.09625pt x 130.4875pt>
File: Store.png Graphic file (type png)
<use Store.png>
Package pdftex.def Info: Store.png  used on input line 450.
(pdftex.def)             Requested size: 280.54744pt x 65.24358pt.
 [5

 <./Music.png> <./SFX.png> <./Octocat_Icon.png> <./Store.png>]
<StartMenu.png, id=123, 1927.2pt x 1084.05pt>
File: StartMenu.png Graphic file (type png)
<use StartMenu.png>
Package pdftex.def Info: StartMenu.png  used on input line 462.
(pdftex.def)             Requested size: 385.43318pt x 216.80615pt.
<In-Game1.png, id=125, 1927.2pt x 1084.05pt>
File: In-Game1.png Graphic file (type png)
<use In-Game1.png>
Package pdftex.def Info: In-Game1.png  used on input line 465.
(pdftex.def)             Requested size: 385.43318pt x 216.80615pt.
<In-Game2.png, id=126, 1927.2pt x 1084.05pt>
File: In-Game2.png Graphic file (type png)
<use In-Game2.png>
Package pdftex.def Info: In-Game2.png  used on input line 468.
(pdftex.def)             Requested size: 385.43318pt x 216.80615pt.


LaTeX Warning: Float too large for page by 57.5599pt on input line 470.

<In-Game3.png, id=127, 1927.2pt x 1084.05pt>
File: In-Game3.png Graphic file (type png)
<use In-Game3.png>
Package pdftex.def Info: In-Game3.png  used on input line 474.
(pdftex.def)             Requested size: 385.43318pt x 216.80615pt.
<EndGame.png, id=128, 1927.2pt x 1084.05pt>
File: EndGame.png Graphic file (type png)
<use EndGame.png>
Package pdftex.def Info: EndGame.png  used on input line 477.
(pdftex.def)             Requested size: 385.43318pt x 216.80615pt.
<HighscoresMockup.png, id=129, 1927.2pt x 1084.05pt>
File: HighscoresMockup.png Graphic file (type png)
<use HighscoresMockup.png>
Package pdftex.def Info: HighscoresMockup.png  used on input line 480.
(pdftex.def)             Requested size: 385.43318pt x 216.80615pt.

LaTeX Warning: Float too large for page by 57.5599pt on input line 482.

<Store1.png, id=130, 1927.2pt x 1084.05pt>
File: Store1.png Graphic file (type png)
<use Store1.png>
Package pdftex.def Info: Store1.png  used on input line 486.
(pdftex.def)             Requested size: 385.43318pt x 216.80615pt.
<Store2.png, id=131, 1927.2pt x 1084.05pt>
File: Store2.png Graphic file (type png)
<use Store2.png>
Package pdftex.def Info: Store2.png  used on input line 489.
(pdftex.def)             Requested size: 385.43318pt x 216.80615pt.
<Store3.png, id=132, 1927.2pt x 1084.05pt>
File: Store3.png Graphic file (type png)
<use Store3.png>
Package pdftex.def Info: Store3.png  used on input line 492.
(pdftex.def)             Requested size: 385.43318pt x 216.80615pt.

LaTeX Warning: Float too large for page by 57.5599pt on input line 494.

[6 <./StartMenu.png> <./In-Game1.png> <./In-Game2.png>] [7 <./In-Game3.png> <./
EndGame.png> <./HighscoresMockup.png>] [8 <./Store1.png> <./Store2.png> <./Stor
e3.png>]
Underfull \hbox (badness 10000) in paragraph at lines 499--501

 []

<Timeline_Update.jpg, id=164, 713.064pt x 513.71925pt>
File: Timeline_Update.jpg Graphic file (type jpg)
<use Timeline_Update.jpg>
Package pdftex.def Info: Timeline_Update.jpg  used on input line 506.
(pdftex.def)             Requested size: 499.14139pt x 359.60101pt.
[9


 <./Timeline_Update.jpg>] [10]
<GameUML.png, id=174, 1864.9675pt x 1390.19376pt>
File: GameUML.png Graphic file (type png)
<use GameUML.png>
Package pdftex.def Info: GameUML.png  used on input line 520.
(pdftex.def)             Requested size: 540.82672pt x 403.14586pt.

Overfull \hbox (34.93672pt too wide) in paragraph at lines 520--521
 [][] 
 []

[11

 <./GameUML.png>]

** Conference Paper **
Before submitting the final camera ready copy, remember to:

 1. Manually equalize the lengths of two columns on the last page
 of your paper;

 2. Ensure that any PostScript and/or PDF output post-processing
 uses only Type 1 fonts and that every step in the generation
 process uses the appropriate paper size.

Package atveryend Info: Empty hook `BeforeClearDocument' on input line 534.
[12]
Package atveryend Info: Empty hook `AfterLastShipout' on input line 534.
 (ProjectProposal.aux)
Package atveryend Info: Executing hook `AtVeryEndDocument' on input line 534.
Package atveryend Info: Executing hook `AtEndAfterFileList' on input line 534.
Package rerunfilecheck Info: File `ProjectProposal.out' has not changed.
(rerunfilecheck)             Checksum: 75F10831AF2C41409EE6A7F44E4F9F37;927.
Package atveryend Info: Empty hook `AtVeryVeryEnd' on input line 534.
 ) 
Here is how much of TeX's memory you used:
 6636 strings out of 481556
 109502 string characters out of 2912465
 371109 words of memory out of 3000000
 21713 multiletter control sequences out of 15000+200000
 567356 words of font info for 83 fonts, out of 3000000 for 9000
 1141 hyphenation exceptions out of 8191
 34i,7n,29p,841b,435s stack positions out of 5000i,500n,10000p,200000b,50000s
{C:/Users/Jennifer/AppData/Local/Programs/MiKTeX 2.9/fonts/enc/dvips/base/8r.
enc}<C:/Users/Jennifer/AppData/Local/Programs/MiKTeX 2.9/fonts/type1/public/ams
fonts/cm/cmsy7.pfb><C:/Users/Jennifer/AppData/Local/Programs/MiKTeX 2.9/fonts/t
ype1/urw/times/utmb8a.pfb><C:/Users/Jennifer/AppData/Local/Programs/MiKTeX 2.9/
fonts/type1/urw/times/utmr8a.pfb>
Output written on ProjectProposal.pdf (12 pages, 2438448 bytes).
PDF statistics:
 212 PDF objects out of 1000 (max. 8388607)
 65 named destinations out of 1000 (max. 500000)
 219 words of extra memory for PDF output out of 10000 (max. 10000000)

